<?xml version="1.0" encoding="UTF-8"?>
<!-- Generated by org.testng.reporters.JUnitReportReporter -->
<testsuite hostname="HR-47" failures="0" tests="2" name="annotation_demo.test1" time="0.016" errors="0" timestamp="2023-03-06T10:52:45 IST" skipped="0">
  <testcase classname="annotation_demo.test1" name="search" time="0.008"/>
  <system-out/>
  <testcase classname="annotation_demo.test1" name="advacedsearch" time="0.008"/>
  <system-out/>
</testsuite> <!-- annotation_demo.test1 -->
