<?xml version="1.0" encoding="UTF-8"?>
<!-- Generated by org.testng.reporters.JUnitReportReporter -->
<testsuite hostname="HR-47" failures="0" tests="3" name="group.test_group" time="0.020" errors="0" timestamp="2023-03-06T15:28:23 IST" skipped="0">
  <testcase classname="group.test_group" name="signupbyfacebook" time="0.011"/>
  <system-out/>
  <testcase classname="group.test_group" name="signupbytwitter" time="0.005"/>
  <system-out/>
  <testcase classname="group.test_group" name="paymentReturnbyBank" time="0.004"/>
  <system-out/>
</testsuite> <!-- group.test_group -->
