<?xml version="1.0" encoding="UTF-8"?>
<!-- Generated by org.testng.reporters.JUnitReportReporter -->
<testsuite hostname="HR-47" failures="0" tests="1" name="annotation_demo.pack.test22" time="0.002" errors="0" timestamp="2023-03-06T10:59:23 IST" skipped="0">
  <testcase classname="annotation_demo.pack.test22" name="xyz" time="0.002"/>
  <system-out/>
</testsuite> <!-- annotation_demo.pack.test22 -->
