<?xml version="1.0" encoding="UTF-8"?>
<!-- Generated by org.testng.reporters.JUnitReportReporter -->
<testsuite hostname="HR-47" failures="0" tests="10" name="group.invocationdemo$InvocationCountDemo" time="0.095" errors="0" timestamp="2023-03-07T10:20:59 IST" skipped="0">
  <testcase classname="group.invocationdemo$InvocationCountDemo" name="test" time="0.001"/>
  <system-out/>
  <testcase classname="group.invocationdemo$InvocationCountDemo" name="test" time="0.002"/>
  <system-out/>
  <testcase classname="group.invocationdemo$InvocationCountDemo" name="test" time="0.002"/>
  <system-out/>
  <testcase classname="group.invocationdemo$InvocationCountDemo" name="test" time="0.002"/>
  <system-out/>
  <testcase classname="group.invocationdemo$InvocationCountDemo" name="test" time="0.033"/>
  <system-out/>
  <testcase classname="group.invocationdemo$InvocationCountDemo" name="test" time="0.002"/>
  <system-out/>
  <testcase classname="group.invocationdemo$InvocationCountDemo" name="test" time="0.001"/>
  <system-out/>
  <testcase classname="group.invocationdemo$InvocationCountDemo" name="test" time="0.048"/>
  <system-out/>
  <testcase classname="group.invocationdemo$InvocationCountDemo" name="test" time="0.002"/>
  <system-out/>
  <testcase classname="group.invocationdemo$InvocationCountDemo" name="test" time="0.002"/>
  <system-out/>
</testsuite> <!-- group.invocationdemo$InvocationCountDemo -->
