<?xml version="1.0" encoding="UTF-8"?>
<!-- Generated by org.testng.reporters.JUnitReportReporter -->
<testsuite hostname="HR-47" failures="0" tests="1" name="annotation_demo.class4" time="0.011" errors="0" timestamp="2023-03-06T11:15:23 IST" skipped="0">
  <testcase classname="annotation_demo.class4" name="abc" time="0.011"/>
  <system-out/>
</testsuite> <!-- annotation_demo.class4 -->
