<?xml version="1.0" encoding="UTF-8"?>
<!-- Generated by org.testng.reporters.JUnitReportReporter -->
<testsuite hostname="HR-47" failures="0" tests="2" name="POM_demo.LoginTest" time="1.821" errors="0" timestamp="2023-03-07T11:41:35 IST" skipped="0">
  <testcase classname="POM_demo.LoginTest" name="testLogo" time="0.060"/>
  <system-out/>
  <testcase classname="POM_demo.LoginTest" name="testLogin" time="1.761"/>
  <system-out/>
</testsuite> <!-- POM_demo.LoginTest -->
