<?xml version="1.0" encoding="UTF-8"?>
<!-- Generated by org.testng.reporters.JUnitReportReporter -->
<testsuite hostname="HR-47" failures="0" tests="3" name="Testng_demo.Test_1" time="0.001" errors="0" timestamp="2023-03-07T16:10:36 IST" skipped="0">
  <testcase classname="Testng_demo.Test_1" name="openapp" time="0.000"/>
  <system-out/>
  <testcase classname="Testng_demo.Test_1" name="login" time="0.001"/>
  <system-out/>
  <testcase classname="Testng_demo.Test_1" name="closeapp" time="0.000"/>
  <system-out/>
</testsuite> <!-- Testng_demo.Test_1 -->
