<?xml version="1.0" encoding="UTF-8"?>
<!-- Generated by org.testng.reporters.JUnitReportReporter -->
<testsuite hostname="HR-47" failures="0" tests="3" name="Testng_demo.Test_HRM" time="9.546" errors="0" timestamp="2023-03-07T16:10:36 IST" skipped="0">
  <testcase classname="Testng_demo.Test_HRM" name="openApp" time="5.767"/>
  <system-out/>
  <testcase classname="Testng_demo.Test_HRM" name="login" time="3.477"/>
  <system-out/>
  <testcase classname="Testng_demo.Test_HRM" name="closeApp" time="0.302"/>
  <system-out/>
</testsuite> <!-- Testng_demo.Test_HRM -->
